빌드 시작: 2012-11-21 오후 2:00:47
     1>2 노드의 "E:\sdk\cocos2d-2.0-rc2-x-2.0.1\HelloWorld\proj.win32\HelloWorld.win32.vcxproj" 프로젝트(Build 대상)입니다.
     1>InitializeBuildStatus:
         "AlwaysCreate"이(가) 지정되었기 때문에 "Debug.win32\HelloWorld.unsuccessfulbuild"을(를) 만들고 있습니다.
       ClCompile:
         C:\Program Files (x86)\Microsoft Visual Studio 11.0\VC\bin\CL.exe /c /I"E:\sdk\cocos2d-2.0-rc2-x-2.0.1\HelloWorld\proj.win32\cocos2dx" /I"E:\sdk\cocos2d-2.0-rc2-x-2.0.1\HelloWorld\proj.win32\cocos2dx\include" /I"E:\sdk\cocos2d-2.0-rc2-x-2.0.1\HelloWorld\proj.win32\cocos2dx\kazmath\include" /I"E:\sdk\cocos2d-2.0-rc2-x-2.0.1\HelloWorld\proj.win32\cocos2dx\platform\win32" /I"E:\sdk\cocos2d-2.0-rc2-x-2.0.1\HelloWorld\proj.win32\cocos2dx\platform\third_party\win32\OGLES" /I..\Classes /ZI /nologo /W3 /WX- /Od /Oy- /D WIN32 /D _DEBUG /D _WINDOWS /D COCOS2D_DEBUG=1 /D _CRT_SECURE_NO_WARNINGS /D _SCL_SECURE_NO_WARNINGS /D _UNICODE /D UNICODE /Gm /EHsc /RTC1 /MDd /GS /fp:precise /Zc:wchar_t /Zc:forScope /Fo"Debug.win32\\" /Fd"Debug.win32\vc110.pdb" /Gd /TP /wd4267 /wd4251 /wd4244 /analyze- /errorReport:prompt ..\Classes\Controller.cpp
         Controller.cpp
     1>e:\sdk\cocos2d-2.0-rc2-x-2.0.1\cocos2dx\platform\ccsaxparser.h : warning C4819: 현재 코드 페이지(949)에서 표시할 수 없는 문자가 파일에 들어 있습니다. 데이터가 손실되지 않게 하려면 해당 파일을 유니코드 형식으로 저장하십시오.
       Link:
         C:\Program Files (x86)\Microsoft Visual Studio 11.0\VC\bin\link.exe /ERRORREPORT:PROMPT /OUT:"E:\sdk\cocos2d-2.0-rc2-x-2.0.1\HelloWorld\proj.win32\Debug.win32\HelloWorld.exe" /INCREMENTAL /NOLOGO /LIBPATH:"E:\sdk\cocos2d-2.0-rc2-x-2.0.1\HelloWorld\proj.win32\Debug.win32\\" opengl32.lib glew32.lib libcocos2d.lib kernel32.lib user32.lib gdi32.lib winspool.lib comdlg32.lib advapi32.lib shell32.lib ole32.lib oleaut32.lib uuid.lib odbc32.lib odbccp32.lib /MANIFEST /ManifestFile:"E:\sdk\cocos2d-2.0-rc2-x-2.0.1\HelloWorld\proj.win32\Debug.win32\HelloWorld.exe.intermediate.manifest" /MANIFESTUAC:"level='asInvoker' uiAccess='false'" /DEBUG /PDB:"E:\sdk\cocos2d-2.0-rc2-x-2.0.1\HelloWorld\proj.win32\Debug.win32\HelloWorld.pdb" /SUBSYSTEM:WINDOWS /TLBID:1 /DYNAMICBASE /NXCOMPAT /IMPLIB:"E:\sdk\cocos2d-2.0-rc2-x-2.0.1\HelloWorld\proj.win32\Debug.win32\HelloWorld.lib" /MACHINE:X86 /SAFESEH Debug.win32\AppDelegate.obj
         Debug.win32\Controller.obj
         Debug.win32\SmartPad.obj
         Debug.win32\main.obj
         HelloWorld.win32.vcxproj -> E:\sdk\cocos2d-2.0-rc2-x-2.0.1\HelloWorld\proj.win32\Debug.win32\HelloWorld.exe
       FinalizeBuildStatus:
         "Debug.win32\HelloWorld.unsuccessfulbuild" 파일을 삭제하고 있습니다.
         "Debug.win32\HelloWorld.lastbuildstate"에 연결(touching)하고 있습니다.
     1>"E:\sdk\cocos2d-2.0-rc2-x-2.0.1\HelloWorld\proj.win32\HelloWorld.win32.vcxproj" 프로젝트를 빌드했습니다(Build 대상).

빌드했습니다.

경과 시간: 00:00:02.64
